make all --print-data-base --no-builtin-variables --no-builtin-rules --question
make: *** No rule to make target 'all'.  Stop.
 
# GNU Make 4.3
# Built for x86_64-pc-linux-gnu
# Copyright (C) 1988-2020 Free Software Foundation, Inc.
# License GPLv3+: GNU GPL version 3 or later <http://gnu.org/licenses/gpl.html>
# This is free software: you are free to change and redistribute it.
# There is NO WARRANTY, to the extent permitted by law.

# Make data base, printed on Mon Mar 28 17:22:08 2022

# Variables

# environment
SEAWEED_VOLUME_1_SERVICE_PORT = 8444
# environment
GETTY_CODE_CODE_SERVER_SERVICE_PORT = 8080
# environment
KEYCLOAK_OPERATOR_METRICS_PORT_8686_TCP_PROTO = tcp
# environment
KEYCLOAK_OPERATOR_METRICS_SERVICE_PORT_CR_METRICS = 8686
# environment
PLIK_SERVICE_HOST = 10.245.176.243
# environment
SEAWEED_VOLUME_0_SERVICE_PORT_VOLUME_HTTP = 8444
# environment
LC_ALL = C
# environment
KEYCLOAK_OPERATOR_METRICS_PORT_8686_TCP = tcp://10.245.169.206:8686
# environment
CODE_SERVER_SERVICE_HOST = 10.245.153.237
# environment
PG_HA_HA_SERVICE_PORT = 5432
# environment
SEAWEED_FILER_PORT_8333_TCP_PROTO = tcp
# environment
REDIS_REPLICAS_SERVICE_PORT_TCP_REDIS = 6379
# environment
SEAWEED_FILER_PORT_8888_TCP = tcp://10.245.202.58:8888
# environment
VSCODE_INJECT_NODE_MODULE_LOOKUP_PATH = /usr/lib/code-server/vendor/modules/code-oss-dev/remote/node_modules
# environment
REDIS_MASTER_SERVICE_HOST = 10.245.29.137
# environment
REDIS_MASTER_PORT_6379_TCP = tcp://10.245.29.137:6379
# environment
SEAWEED_FILER_PORT = tcp://10.245.202.58:8888
# environment
REDIS_REPLICAS_PORT_6379_TCP = tcp://10.245.122.67:6379
# environment
VSCODE_CWD = /home/coder
# environment
KUBERNETES_PORT_443_TCP_PROTO = tcp
# environment
SEAWEED_VOLUME_3_PORT_18444_TCP_ADDR = 10.245.205.95
# environment
TRAEFIK_PORT_443_TCP = tcp://10.245.52.194:443
# environment
SEAWEED_FILER_SERVICE_PORT_FILER_HTTP = 8888
# environment
SEAWEED_VOLUME_2_SERVICE_PORT_VOLUME_HTTP = 8444
# environment
PG_HA_REPLICAS_PORT_5432_TCP_PORT = 5432
# environment
TRAEFIK_PORT_443_TCP_ADDR = 10.245.52.194
# environment
CODE_SERVER_PARENT_PID = 12
# default
MAKE_COMMAND := make
# environment
SEAWEED_VOLUME_3_SERVICE_PORT_VOLUME_HTTP = 8444
# environment
SEAWEED_VOLUME_3_PORT_8444_TCP_PORT = 8444
# environment
PASTEY_PORT_5000_TCP_PORT = 5000
# environment
KUBERNETES_PORT_443_TCP_PORT = 443
# environment
PG_HA_PGBOUNCER_PORT_5432_TCP_PROTO = tcp
# environment
SEAWEED_VOLUME_3_SERVICE_PORT_VOLUME_GRPC = 18444
# environment
GOPATH = /home/coder/.asdf/installs/golang/1.18/packages
# automatic
@D = $(patsubst %/,%,$(dir $@))
# environment
PG_HA_REPLICAS_SERVICE_PORT = 5432
# environment
PG_HA_HA_PORT_5432_TCP_PORT = 5432
# environment
GETTY_CODE_CODE_SERVER_SERVICE_HOST = 10.245.62.90
# environment
PGADMIN4_SERVICE_HOST = 10.245.182.193
# environment
KEYCLOAK_OPERATOR_METRICS_PORT_8383_TCP_PROTO = tcp
# environment
SEAWEED_VOLUME_0_PORT = tcp://10.245.135.162:8444
# environment
SEAWEED_FILER_PORT_8888_TCP_PROTO = tcp
# environment
SEAWEED_MASTER_PORT_19333_TCP = tcp://10.245.145.57:19333
# environment
REDIS_MASTER_SERVICE_PORT = 6379
# environment
SEAWEED_VOLUME_0_PORT_18444_TCP_PORT = 18444
# environment
VSCODE_HANDLES_UNCAUGHT_ERRORS = true
# default
.VARIABLES := 
# environment
PWD = /home/coder/repos/seaweedfs
# automatic
%D = $(patsubst %/,%,$(dir $%))
# environment
HOSTNAME = code-server-5dfcd6ff77-w8kdz
# environment
PG_HA_PGBOUNCER_PORT_5432_TCP = tcp://10.245.186.4:5432
# environment
SEAWEED_VOLUME_2_PORT_8444_TCP = tcp://10.245.184.0:8444
# environment
PG_HA_HA_SERVICE_PORT_POSTGRES = 5432
# environment
TRAEFIK_PORT_80_TCP_ADDR = 10.245.52.194
# environment
PG_HA_REPLICAS_PORT = tcp://10.245.76.221:5432
# environment
SEAWEED_FILER_PORT_18888_TCP = tcp://10.245.202.58:18888
# automatic
^D = $(patsubst %/,%,$(dir $^))
# environment
VSCODE_LOG_STACK = false
# automatic
%F = $(notdir $%)
# environment
PASTEY_SERVICE_PORT = 5000
# environment
KEYCLOAK_OPERATOR_METRICS_PORT_8686_TCP_PORT = 8686
# environment
LANG = C
# default
.LOADED := 
# default
.INCLUDE_DIRS = /usr/local/include /usr/include /usr/include
# environment
PG_HA_HA_PORT_5432_TCP = tcp://10.245.23.155:5432
# environment
TRAEFIK_PORT_22_TCP = tcp://10.245.52.194:22
# makefile
MAKEFLAGS = pqrR
# environment
SEAWEED_VOLUME_1_SERVICE_PORT_VOLUME_HTTP = 8444
# environment
REDIS_REPLICAS_PORT_6379_TCP_PROTO = tcp
# environment
TRAEFIK_SERVICE_PORT_WEBSECURE = 443
# environment
REDIS_MASTER_SERVICE_PORT_TCP_REDIS = 6379
# environment
SEAWEED_VOLUME_1_PORT_18444_TCP_PORT = 18444
# environment
SEAWEED_VOLUME_2_SERVICE_PORT = 8444
# makefile
CURDIR := /home/coder/repos/seaweedfs
# environment
SEAWEED_FILER_SERVICE_HOST = 10.245.202.58
# environment
VSCODE_PIPE_LOGGING = true
# environment
SEAWEED_FILER_SERVICE_PORT_FILER_GRPC = 18888
# environment
REDIS_REPLICAS_SERVICE_PORT = 6379
# environment
PG_HA_PGBOUNCER_SERVICE_HOST = 10.245.186.4
# environment
APPLICATION_INSIGHTS_NO_DIAGNOSTIC_CHANNEL = true
# environment
PG_HA_REPLICAS_SERVICE_HOST = 10.245.76.221
# automatic
*D = $(patsubst %/,%,$(dir $*))
# environment
PGADMIN4_PORT_80_TCP_ADDR = 10.245.182.193
# environment
SEAWEED_MASTER_PORT_9333_TCP = tcp://10.245.145.57:9333
# environment
TRAEFIK_SERVICE_HOST = 10.245.52.194
# default
.SHELLFLAGS := -c
# environment
KEYCLOAK_OPERATOR_METRICS_PORT_8383_TCP_PORT = 8383
# environment
KEYCLOAK_OPERATOR_METRICS_PORT_8686_TCP_ADDR = 10.245.169.206
# environment
MFLAGS = -pqrR
# automatic
+D = $(patsubst %/,%,$(dir $+))
# environment
PASTEY_PORT_5000_TCP_PROTO = tcp
# makefile
MAKEFILE_LIST := 
# environment
PG_HA_PGBOUNCER_SERVICE_PORT = 5432
# environment
REDIS_MASTER_PORT_6379_TCP_ADDR = 10.245.29.137
# environment
REDIS_REPLICAS_PORT = tcp://10.245.122.67:6379
# environment
GETTY_CODE_CODE_SERVER_PORT_8080_TCP = tcp://10.245.62.90:8080
# environment
PG_HA_REPLICAS_PORT_5432_TCP = tcp://10.245.76.221:5432
# environment
SEAWEED_MASTER_PORT_9333_TCP_PROTO = tcp
# automatic
@F = $(notdir $@)
# environment
VSCODE_VERBOSE_LOGGING = true
# environment
TRAEFIK_PORT_443_TCP_PROTO = tcp
# automatic
?D = $(patsubst %/,%,$(dir $?))
# environment
PASTEY_PORT = tcp://10.245.184.85:5000
# environment
TRAEFIK_PORT_80_TCP_PROTO = tcp
# environment
SEAWEED_MASTER_PORT_9333_TCP_PORT = 9333
# environment
GITEA_MEMCACHED_PORT = tcp://10.245.55.95:11211
# environment
SEAWEED_VOLUME_0_PORT_18444_TCP_PROTO = tcp
# environment
SEAWEED_MASTER_PORT_19333_TCP_PROTO = tcp
# environment
SEAWEED_VOLUME_0_SERVICE_PORT = 8444
# environment
PLIK_PORT_8080_TCP = tcp://10.245.176.243:8080
# environment
KEYCLOAK_OPERATOR_METRICS_SERVICE_PORT_HTTP_METRICS = 8383
# environment
SEAWEED_VOLUME_2_PORT_8444_TCP_ADDR = 10.245.184.0
# environment
SEAWEED_VOLUME_2_PORT = tcp://10.245.184.0:8444
# automatic
*F = $(notdir $*)
# environment
TRAEFIK_PORT_22_TCP_ADDR = 10.245.52.194
# environment
KUBERNETES_PORT_443_TCP_ADDR = 10.245.0.1
# environment
CODE_SERVER_PORT_8080_TCP = tcp://10.245.153.237:8080
# environment
TRAEFIK_PORT_22_TCP_PORT = 22
# automatic
<D = $(patsubst %/,%,$(dir $<))
# environment
PASTEY_SERVICE_HOST = 10.245.184.85
# environment
VSCODE_NLS_CONFIG = {"locale":"en","availableLanguages":{}}
# environment
SEAWEED_VOLUME_1_PORT_8444_TCP_PROTO = tcp
# environment
SEAWEED_VOLUME_0_SERVICE_PORT_VOLUME_GRPC = 18444
# environment
SEAWEED_FILER_PORT_8888_TCP_PORT = 8888
# default
MAKE_HOST := x86_64-pc-linux-gnu
# default
SHELL := /bin/sh
# environment
SEAWEED_VOLUME_2_PORT_18444_TCP_PROTO = tcp
# environment
SEAWEED_VOLUME_2_PORT_18444_TCP_PORT = 18444
# environment
SEAWEED_VOLUME_3_PORT_8444_TCP_ADDR = 10.245.205.95
# environment
SEAWEED_FILER_PORT_8333_TCP_ADDR = 10.245.202.58
# default
MAKECMDGOALS := all
# environment
SEAWEED_VOLUME_0_PORT_8444_TCP_PORT = 8444
# environment
SHLVL = 0
# environment
GETTY_CODE_CODE_SERVER_PORT_8080_TCP_ADDR = 10.245.62.90
# environment
CODE_SERVER_SERVICE_PORT_HTTP = 8080
 
# environment
SEAWEED_MASTER_PORT_19333_TCP_PORT = 19333
# environment
KEYCLOAK_OPERATOR_METRICS_SERVICE_PORT = 8383
# environment
MAKELEVEL := 0
# default
MAKE = $(MAKE_COMMAND)
# environment
PATH = /home/coder/.asdf/installs/golang/1.18/go/bin:/usr/lib/code-server/vendor/modules/code-oss-dev/bin:/usr/local/bin:/usr/bin:/bin:/usr/local/games:/usr/games
# environment
PLIK_PORT_8080_TCP_PORT = 8080
# default
MAKEFILES := 
# automatic
^F = $(notdir $^)
# environment
GETTY_CODE_CODE_SERVER_PORT_8080_TCP_PORT = 8080
# environment
PLIK_PORT = tcp://10.245.176.243:8080
# environment
GITEA_MEMCACHED_PORT_11211_TCP_PORT = 11211
# environment
PG_HA_PGBOUNCER_PORT_5432_TCP_PORT = 5432
# environment
TRAEFIK_SERVICE_PORT_SSH = 22
# environment
PG_HA_REPLICAS_PORT_5432_TCP_ADDR = 10.245.76.221
# environment
REDIS_REPLICAS_PORT_6379_TCP_PORT = 6379
# environment
CODE_SERVER_PORT = tcp://10.245.153.237:8080
# environment
REDIS_MASTER_PORT_6379_TCP_PROTO = tcp
# environment
SEAWEED_MASTER_SERVICE_PORT_MASTER_HTTP = 9333
# environment
SEAWEED_VOLUME_1_PORT = tcp://10.245.206.85:8444
# environment
PG_HA_HA_SERVICE_HOST = 10.245.23.155
# environment
PG_HA_HA_PORT = tcp://10.245.23.155:5432
# environment
PG_HA_PGBOUNCER_SERVICE_PORT_PGBOUNCER = 5432
# environment
PLIK_PORT_8080_TCP_ADDR = 10.245.176.243
# environment
VSCODE_LOG_NATIVE = false
# environment
SEAWEED_VOLUME_2_PORT_18444_TCP_ADDR = 10.245.184.0
# environment
CODE_SERVER_PORT_8080_TCP_PORT = 8080
# environment
PG_HA_HA_PORT_5432_TCP_PROTO = tcp
# environment
KUBERNETES_SERVICE_HOST = 10.245.0.1
# automatic
?F = $(notdir $?)
# environment
SEAWEED_VOLUME_1_PORT_18444_TCP_ADDR = 10.245.206.85
# environment
KEYCLOAK_OPERATOR_METRICS_SERVICE_HOST = 10.245.169.206
# environment
GETTY_CODE_CODE_SERVER_PORT = tcp://10.245.62.90:8080
# environment
TRAEFIK_PORT_80_TCP = tcp://10.245.52.194:80
# environment
REDIS_MASTER_PORT = tcp://10.245.29.137:6379
# environment
SEAWEED_MASTER_SERVICE_PORT_MASTER_GRPC = 19333
# automatic
+F = $(notdir $+)
# environment
PLIK_SERVICE_PORT_WEB = 8080
# environment
KUBERNETES_SERVICE_PORT_HTTPS = 443
# environment
SEAWEED_VOLUME_0_PORT_18444_TCP = tcp://10.245.135.162:18444
# environment
GITEA_MEMCACHED_PORT_11211_TCP_ADDR = 10.245.55.95
# environment
SEAWEED_FILER_PORT_18888_TCP_PORT = 18888
# 'override' directive
GNUMAKEFLAGS := 
# environment
SEAWEED_VOLUME_0_PORT_18444_TCP_ADDR = 10.245.135.162
# environment
KEYCLOAK_OPERATOR_METRICS_PORT_8383_TCP_ADDR = 10.245.169.206
# environment
REDIS_REPLICAS_PORT_6379_TCP_ADDR = 10.245.122.67
# environment
SEAWEED_MASTER_SERVICE_PORT = 9333
# environment
PLIK_PORT_8080_TCP_PROTO = tcp
# environment
SEAWEED_VOLUME_1_PORT_8444_TCP_ADDR = 10.245.206.85
# environment
TRAEFIK_PORT_22_TCP_PROTO = tcp
# environment
PASTEY_SERVICE_PORT_WEB = 5000
# environment
SEAWEED_VOLUME_2_PORT_8444_TCP_PORT = 8444
# environment
GITEA_MEMCACHED_PORT_11211_TCP = tcp://10.245.55.95:11211
# environment
PG_HA_REPLICAS_PORT_5432_TCP_PROTO = tcp
# environment
TRAEFIK_PORT_443_TCP_PORT = 443
# makefile
.DEFAULT_GOAL := 
# environment
SEAWEED_VOLUME_2_PORT_18444_TCP = tcp://10.245.184.0:18444
# environment
PASTEY_PORT_5000_TCP_ADDR = 10.245.184.85
# environment
GETTY_CODE_CODE_SERVER_SERVICE_PORT_HTTP = 8080
# environment
TRAEFIK_PORT = tcp://10.245.52.194:22
# environment
USER = coder
# environment
SEAWEED_VOLUME_3_SERVICE_PORT = 8444
# default
MAKE_VERSION := 4.3
# environment
TRAEFIK_SERVICE_PORT = 22
# environment
PG_HA_HA_PORT_5432_TCP_ADDR = 10.245.23.155
# environment
PGADMIN4_PORT_80_TCP_PORT = 80
# environment
KUBERNETES_PORT = tcp://10.245.0.1:443
# environment
SEAWEED_VOLUME_0_PORT_8444_TCP_PROTO = tcp
# environment
SEAWEED_FILER_PORT_18888_TCP_ADDR = 10.245.202.58
# environment
PGADMIN4_SERVICE_PORT_HTTP = 80
# environment
VSCODE_EXTHOST_WILL_SEND_SOCKET = true
# environment
SEAWEED_FILER_SERVICE_PORT_FILER_S3 = 8333
# environment
KUBERNETES_PORT_443_TCP = tcp://10.245.0.1:443
# environment
SEAWEED_VOLUME_2_SERVICE_HOST = 10.245.184.0
# environment
PG_HA_PGBOUNCER_PORT_5432_TCP_ADDR = 10.245.186.4
# environment
PLIK_SERVICE_PORT = 8080
# environment
SEAWEED_MASTER_PORT = tcp://10.245.145.57:9333
# environment
_ = /usr/lib/code-server/lib/node
# environment
KEYCLOAK_OPERATOR_METRICS_PORT_8383_TCP = tcp://10.245.169.206:8383
# environment
SEAWEED_VOLUME_0_PORT_8444_TCP = tcp://10.245.135.162:8444
# environment
GETTY_CODE_CODE_SERVER_PORT_8080_TCP_PROTO = tcp
# environment
KUBERNETES_SERVICE_PORT = 443
# environment
SEAWEED_VOLUME_1_PORT_18444_TCP = tcp://10.245.206.85:18444
# environment
SEAWEED_VOLUME_3_PORT_8444_TCP = tcp://10.245.205.95:8444
# environment
PGADMIN4_PORT_80_TCP_PROTO = tcp
# environment
PGADMIN4_PORT = tcp://10.245.182.193:80
# environment
VSCODE_IPC_HOOK_CLI = /tmp/vscode-ipc-fcad570d-f9a9-46a0-9068-cef93b60c073.sock
# environment
SEAWEED_VOLUME_3_PORT_8444_TCP_PROTO = tcp
# environment
GOMODCACHE = /home/coder/.asdf/installs/golang/1.18/packages/pkg/mod
# environment
NODE_OPTIONS = --max-old-space-size=2048 
# environment
PGADMIN4_PORT_80_TCP = tcp://10.245.182.193:80
# environment
SEAWEED_VOLUME_3_PORT_18444_TCP_PORT = 18444
# environment
VSCODE_AMD_ENTRYPOINT = vs/server/remoteExtensionHostProcess
# environment
CODE_SERVER_SERVICE_PORT = 8080
# environment
SEAWEED_VOLUME_0_PORT_8444_TCP_ADDR = 10.245.135.162
# environment
PG_HA_PGBOUNCER_PORT = tcp://10.245.186.4:5432
# environment
REDIS_MASTER_PORT_6379_TCP_PORT = 6379
# environment
SEAWEED_VOLUME_2_SERVICE_PORT_VOLUME_GRPC = 18444
# environment
SEAWEED_VOLUME_3_SERVICE_HOST = 10.245.205.95
# environment
PG_HA_REPLICAS_SERVICE_PORT_POSTGRES = 5432
# environment
HOME = /home/coder
# environment
GITEA_MEMCACHED_PORT_11211_TCP_PROTO = tcp
# environment
SEAWEED_VOLUME_3_PORT = tcp://10.245.205.95:8444
# environment
SEAWEED_VOLUME_1_PORT_18444_TCP_PROTO = tcp
# environment
SEAWEED_FILER_PORT_8333_TCP_PORT = 8333
# environment
GITEA_MEMCACHED_SERVICE_HOST = 10.245.55.95
# environment
CODE_SERVER_PORT_8080_TCP_ADDR = 10.245.153.237
 
# environment
PGADMIN4_SERVICE_PORT = 80
# environment
SEAWEED_VOLUME_1_PORT_8444_TCP_PORT = 8444
# environment
REDIS_REPLICAS_SERVICE_HOST = 10.245.122.67
# environment
SEAWEED_VOLUME_2_PORT_8444_TCP_PROTO = tcp
# environment
SEAWEED_VOLUME_3_PORT_18444_TCP = tcp://10.245.205.95:18444
# environment
SEAWEED_FILER_PORT_8888_TCP_ADDR = 10.245.202.58
# environment
TRAEFIK_SERVICE_PORT_WEB = 80
# environment
GOPROXY = https://proxy.golang.org,direct
# default
.RECIPEPREFIX := 
# automatic
<F = $(notdir $<)
# environment
SEAWEED_VOLUME_1_SERVICE_HOST = 10.245.206.85
# environment
SEAWEED_VOLUME_1_PORT_8444_TCP = tcp://10.245.206.85:8444
# environment
CODE_SERVER_PORT_8080_TCP_PROTO = tcp
# environment
GITEA_MEMCACHED_SERVICE_PORT_MEMCACHE = 11211
# environment
SEAWEED_FILER_PORT_8333_TCP = tcp://10.245.202.58:8333
# environment
SEAWEED_MASTER_PORT_19333_TCP_ADDR = 10.245.145.57
# default
SUFFIXES := 
# environment
SEAWEED_FILER_PORT_18888_TCP_PROTO = tcp
# environment
TRAEFIK_PORT_80_TCP_PORT = 80
# environment
SEAWEED_MASTER_PORT_9333_TCP_ADDR = 10.245.145.57
# environment
GITEA_MEMCACHED_SERVICE_PORT = 11211
# default
.FEATURES := target-specific order-only second-expansion else-if shortest-stem undefine oneshell nocomment grouped-target extra-prereqs archives jobserver output-sync check-symlink load
# environment
SEAWEED_MASTER_SERVICE_HOST = 10.245.145.57
# environment
VSCODE_PROXY_URI = https://vscode.tuxpa.in/proxy/{port}
# environment
PASTEY_PORT_5000_TCP = tcp://10.245.184.85:5000
# environment
SEAWEED_FILER_SERVICE_PORT = 8888
# environment
SEAWEED_VOLUME_1_SERVICE_PORT_VOLUME_GRPC = 18444
# environment
KEYCLOAK_OPERATOR_METRICS_PORT = tcp://10.245.169.206:8383
# environment
SEAWEED_VOLUME_0_SERVICE_HOST = 10.245.135.162
# environment
SEAWEED_VOLUME_3_PORT_18444_TCP_PROTO = tcp
# variable set hash-table stats:
# Load=272/1024=27%, Rehash=0, Collisions=59/298=20%

# Pattern-specific Variable Values

# No pattern-specific variable values.

# Directories

# . (device 2048, inode 1186837): 21 files, no impossibilities.

# 21 files, no impossibilities in 1 directories.

# Implicit Rules

# No implicit rules.

# Files

# Not a target:
Makefile:
#  Implicit rule search has been done.
#  File does not exist.
#  File has been updated.
#  Failed to be updated.

# Not a target:
.DEFAULT:
#  Implicit rule search has not been done.
#  Modification time never checked.
#  File has not been updated.

# Not a target:
all:
#  Command line target.
#  Implicit rule search has been done.
#  File does not exist.
#  File has not been updated.

# Not a target:
makefile:
#  Implicit rule search has been done.
#  File does not exist.
#  File has been updated.
#  Failed to be updated.

# Not a target:
GNUmakefile:
#  Implicit rule search has been done.
#  File does not exist.
#  File has been updated.
#  Failed to be updated.

# files hash-table stats:
# Load=6/1024=1%, Rehash=0, Collisions=0/15=0%
# VPATH Search Paths

# No 'vpath' search paths.

# No general ('VPATH' variable) search path.

# strcache buffers: 1 (0) / strings = 29 / storage = 235 B / avg = 8 B
# current buf: size = 8162 B / used = 235 B / count = 29 / avg = 8 B

# strcache performance: lookups = 32 / hit rate = 9%
# hash-table stats:
# Load=29/8192=0%, Rehash=0, Collisions=0/32=0%
# Finished Make data base on Mon Mar 28 17:22:08 2022

 
